#
# A fatal error has been detected by the Java Runtime Environment:
#
#  EXCEPTION_ACCESS_VIOLATION (0xc0000005) at pc=0x00007fffe9b1fb09, pid=1464, tid=11316
#
# JRE version: OpenJDK Runtime Environment JBR-17.0.9+7-1087.7-nomod (17.0.9+7) (build 17.0.9+7-b1087.7)
# Java VM: OpenJDK 64-Bit Server VM JBR-17.0.9+7-1087.7-nomod (17.0.9+7-b1087.7, mixed mode, tiered, compressed oops, compressed class ptrs, g1 gc, windows-amd64)
# Problematic frame:
# V  [jvm.dll+0x30fb09]  G1ParScanThreadState::trim_queue_to_threshold+0x3d9
#
# No core dump will be written. Minidumps are not enabled by default on client versions of Windows
#
# If you would like to submit a bug report, please visit:
#   https://youtrack.jetbrains.com/issues/JBR
#

---------------  S U M M A R Y ------------

Command Line: -Dmaven.multiModuleProjectDirectory=D:\PROYECTOS\SPRING+ANGULAR+ADRES+GUZMAN\PRACTICA_CRUD\Crud_1_eps_60_springboot -Djansi.passthrough=true -Dmaven.home=C:\Users\0.0\.m2\wrapper\dists\apache-maven-3.9.5-bin\2adeog8mj13csp1uusqnc1f2mo\apache-maven-3.9.5 -Dclassworlds.conf=C:\Users\0.0\.m2\wrapper\dists\apache-maven-3.9.5-bin\2adeog8mj13csp1uusqnc1f2mo\apache-maven-3.9.5\bin\m2.conf -Dmaven.ext.class.path=C:\Program Files\JetBrains\IntelliJ IDEA Community Edition 2023.3\plugins\maven\lib\maven-event-listener.jar -javaagent:C:\Program Files\JetBrains\IntelliJ IDEA Community Edition 2023.3\lib\idea_rt.jar=49958:C:\Program Files\JetBrains\IntelliJ IDEA Community Edition 2023.3\bin -Dfile.encoding=UTF-8 org.codehaus.classworlds.Launcher -Didea.version=2023.3 org.springframework.boot:spring-boot-maven-plugin:3.2.0:run

Host: AMD Ryzen 5 3600 6-Core Processor              , 12 cores, 15G,  Windows 10 , 64 bit Build 19041 (10.0.19041.3636)
Time: Thu Dec 14 20:45:33 2023 Hora est. Pacífico, Sudamérica elapsed time: 1.653934 seconds (0d 0h 0m 1s)

---------------  T H R E A D  ---------------

Current thread (0x000001eb9ee60830):  GCTaskThread "GC Thread#2" [stack: 0x000000b082800000,0x000000b082900000] [id=11316]

Stack: [0x000000b082800000,0x000000b082900000],  sp=0x000000b0828ff5f0,  free space=1021k
Native frames: (J=compiled Java code, j=interpreted, Vv=VM code, C=native code)
V  [jvm.dll+0x30fb09]  G1ParScanThreadState::trim_queue_to_threshold+0x3d9  (g1ParScanThreadState.cpp:296)
V  [jvm.dll+0x30c8fe]  G1ParScanThreadState::trim_queue_partially+0x5e  (g1ParScanThreadState.inline.hpp:55)
V  [jvm.dll+0x31f4ef]  G1ParCopyClosure<1,0>::do_oop+0x10f  (g1OopClosures.hpp:165)
V  [jvm.dll+0x1fa4a4]  ClassLoaderData::ChunkedHandleList::oops_do+0x64  (classLoaderData.cpp:226)
V  [jvm.dll+0x30c87b]  G1CLDScanClosure::do_cld+0x3b  (g1OopClosures.cpp:55)
V  [jvm.dll+0x1fd1a8]  ClassLoaderDataGraph::roots_cld_do+0x48  (classLoaderDataGraph.cpp:275)
V  [jvm.dll+0x320450]  G1RootProcessor::process_java_roots+0xc0  (g1RootProcessor.cpp:193)
V  [jvm.dll+0x320295]  G1RootProcessor::evacuate_roots+0x65  (g1RootProcessor.cpp:62)
V  [jvm.dll+0x2e63a4]  G1EvacuateRegionsTask::scan_roots+0x24  (g1CollectedHeap.cpp:3648)
V  [jvm.dll+0x2e7e3b]  G1EvacuateRegionsBaseTask::work+0x9b  (g1CollectedHeap.cpp:3635)
V  [jvm.dll+0x86f8bb]  GangWorker::loop+0x5b  (workgroup.cpp:260)
V  [jvm.dll+0x86f906]  GangWorker::run+0x16  (workgroup.cpp:227)
V  [jvm.dll+0x7f06aa]  Thread::call_run+0x8a  (thread.cpp:405)
V  [jvm.dll+0x687565]  thread_native_entry+0x75  (os_windows.cpp:550)
C  [ucrtbase.dll+0x21bb2]
C  [KERNEL32.DLL+0x17344]
C  [ntdll.dll+0x526b1]


siginfo: EXCEPTION_ACCESS_VIOLATION (0xc0000005), reading address 0x0000000700a06a98


Registers:
RAX=0x0000000000000000, RBX=0x0000000701c7f06d, RCX=0x0000000000000015, RDX=0x0000000000000000
RSP=0x000000b0828ff5f0, RBP=0x0000000000000378, RSI=0x0000000701c7f06c, RDI=0x000001eb9f8e3e90
R8 =0x0000000701c7f058, R9 =0x00007fffea337fc8, R10=0x0000000700a06a98, R11=0x0000000000000001
R12=0x000001eb9ec3b768, R13=0x00000000000003d8, R14=0x0000000000000040, R15=0x0000000000000000
RIP=0x00007fffe9b1fb09, EFLAGS=0x0000000000010246


Register to memory mapping:

RIP=0x00007fffe9b1fb09 jvm.dll::G1ParScanThreadState::trim_queue_to_threshold + 0x3d9
RAX=0x0 is NULL
RBX=0x0000000701c7f06d is pointing into object: java.lang.String 
{0x0000000701c7f058} - klass: 'java/lang/String'

[error occurred during error reporting (printing register info), id 0xc0000005, EXCEPTION_ACCESS_VIOLATION (0xc0000005) at pc=0x00007fffe9b8b2ca]

Top of Stack: (sp=0x000000b0828ff5f0)
0x000000b0828ff5f0:   0000000000000000 0000000800040001
0x000000b0828ff600:   0000000000000008 0000000000000001
0x000000b0828ff610:   000001eb9f742370 000001eb9f7423a8
0x000000b0828ff620:   000001eb9f812da8 000001eb9f812d40
0x000000b0828ff630:   0000000000000020 00007fffe9b1c8fe
0x000000b0828ff640:   0000000000000010 000001eb9f8e3e90
0x000000b0828ff650:   000001eb9f7423a8 00000000000003d8
0x000000b0828ff660:   0000000000ee236d 0000000000000000
0x000000b0828ff670:   000001eb9f812d40 0000000000000020
0x000000b0828ff680:   000001eb9f7423a8 00007fffe9b2f4ef
0x000000b0828ff690:   0000000000000000 00007fffea000001
0x000000b0828ff6a0:   0000000000000008 0000000000000001
0x000000b0828ff6b0:   000001eb9f812da8 00007fffe9a0a4a4
0x000000b0828ff6c0:   000000000000000d 000001eb9f742408
0x000000b0828ff6d0:   000001eb9f677780 000001eb9f7423a8
0x000000b0828ff6e0:   000000b0817feab0 00007fffe9b1c87b
0x000000b0828ff6f0:   000001eb9f742408 000001eb9ef59280
0x000000b0828ff700:   000001eb9f742408 000001eb9f742408
0x000000b0828ff710:   000001eb99c6d530 00007fffe9a0d1a8
0x000000b0828ff720:   000000000000005c 0000000000000000
0x000000b0828ff730:   0000000000edb65d 0000000000000000
0x000000b0828ff740:   000001eb9ef59201 00007fffe9b30450
0x000000b0828ff750:   000001eb9f742408 0000000000000003
0x000000b0828ff760:   0000000000000003 000000b0817feab0
0x000000b0828ff770:   000000029ec3b301 000001eb8046fd10
0x000000b0828ff780:   00007fffea175308 0000000000edb65d
0x000000b0828ff790:   0000000000000000 000001eb00000003
0x000000b0828ff7a0:   000001eb9ef59280 000001eb00000003
0x000000b0828ff7b0:   0000000000000000 0000000000000000
0x000000b0828ff7c0:   0000000000000000 000000b0828ff880
0x000000b0828ff7d0:   000001eb9ec3b380 000001eb9f8e3e01
0x000000b0828ff7e0:   000001eb9ec3b380 000000b0817feab0 

Instructions: (pc=0x00007fffe9b1fb09)
0x00007fffe9b1fa09:   ff 48 8d 53 fe 48 8b cf e8 6a f4 ff ff e9 35 fd
0x00007fffe9b1fa19:   ff ff 0f 1f 44 00 00 48 8b 77 10 8b ae 80 00 00
0x00007fffe9b1fa29:   00 8b cd 8b 86 00 01 00 00 2b c8 81 e1 ff ff 01
0x00007fffe9b1fa39:   00 41 3b ce 0f 86 e9 02 00 00 ff cd 81 e5 ff ff
0x00007fffe9b1fa49:   01 00 89 ae 80 00 00 00 e8 2a 9c 36 00 90 8b d5
0x00007fffe9b1fa59:   8b 86 00 01 00 00 8b cd 48 8b 9e 80 01 00 00 2b
0x00007fffe9b1fa69:   c8 81 e1 ff ff 01 00 81 f9 ff ff 01 00 48 8b 1c
0x00007fffe9b1fa79:   eb 41 0f 44 cf 85 c9 75 3d 90 89 6c 24 50 48 8b
0x00007fffe9b1fa89:   86 00 01 00 00 48 8b c8 48 c1 e9 20 ff c1 89 4c
0x00007fffe9b1fa99:   24 54 3b e8 0f 85 77 02 00 00 48 c1 e1 20 48 0b
0x00007fffe9b1faa9:   ca f0 48 0f b1 8e 00 01 00 00 0f 85 61 02 00 00
0x00007fffe9b1fab9:   8b 86 00 01 00 00 f6 c3 01 0f 84 2f 01 00 00 8b
0x00007fffe9b1fac9:   0d 2a 78 81 00 48 8d 73 ff 48 8b 47 08 44 8b 16
0x00007fffe9b1fad9:   49 d3 e2 4c 03 15 0d 78 81 00 8b 88 90 05 00 00
0x00007fffe9b1fae9:   49 8b d2 48 8b 80 80 05 00 00 48 d3 ea 0f b7 14
0x00007fffe9b1faf9:   50 0f b7 c2 66 c1 e8 08 84 c0 0f 88 17 ff ff ff
0x00007fffe9b1fb09:   4d 8b 02 41 0f b6 c0 24 03 3c 03 75 1e 44 38 3d
0x00007fffe9b1fb19:   42 3d 88 00 74 0f 41 0f b6 c0 24 07 3c 05 75 05
0x00007fffe9b1fb29:   4d 8b c7 eb 17 49 83 e0 fc eb 11 4d 8b c8 48 8b
0x00007fffe9b1fb39:   cf 4d 8b c2 e8 2e ef ff ff 4c 8b c0 8b 0d ad 77
0x00007fffe9b1fb49:   81 00 49 8b d0 48 2b 15 9b 77 81 00 48 d3 ea 89
0x00007fffe9b1fb59:   16 49 8b d0 8b 0d 7d 45 88 00 48 33 d6 48 d3 ea
0x00007fffe9b1fb69:   48 85 d2 0f 84 ae fe ff ff 48 8b 47 08 48 8b d6
0x00007fffe9b1fb79:   8b 88 c0 01 00 00 48 8b 80 b0 01 00 00 48 d3 ea
0x00007fffe9b1fb89:   48 8b 0c d0 8b 81 98 00 00 00 d1 e8 a8 01 0f 85
0x00007fffe9b1fb99:   83 fe ff ff 48 8b 47 08 8b 88 90 05 00 00 48 8b
0x00007fffe9b1fba9:   80 80 05 00 00 49 d3 e8 46 38 3c 40 0f 84 65 fe
0x00007fffe9b1fbb9:   ff ff 48 8b 47 60 48 c1 ee 09 48 8b 58 40 48 8b
0x00007fffe9b1fbc9:   48 38 48 03 de 48 2b d9 48 39 9f b0 01 00 00 0f
0x00007fffe9b1fbd9:   84 42 fe ff ff 48 8d 14 0b 48 8d 4f 18 e8 a5 40
0x00007fffe9b1fbe9:   00 00 48 89 9f b0 01 00 00 e9 29 fe ff ff f6 c3
0x00007fffe9b1fbf9:   03 0f 85 09 01 00 00 48 8b 47 08 4c 8b 13 49 8b 


Stack slot to memory mapping:
stack at sp + 0 slots: 0x0 is NULL
stack at sp + 1 slots: 0x0000000800040001 is pointing into metadata
stack at sp + 2 slots: 0x0000000000000008 is an unknown value
stack at sp + 3 slots: 0x0000000000000001 is an unknown value
stack at sp + 4 slots: 0x000001eb9f742370 points into unknown readable memory: 0x00007fffea1796e0 | e0 96 17 ea ff 7f 00 00
stack at sp + 5 slots: 0x000001eb9f7423a8 points into unknown readable memory: 0x00007fffea1796b0 | b0 96 17 ea ff 7f 00 00
stack at sp + 6 slots: 0x000001eb9f812da8 points into unknown readable memory: 0x0000000701c7dcd0 | d0 dc c7 01 07 00 00 00
stack at sp + 7 slots: 0x000001eb9f812d40 points into unknown readable memory: 0x0000000701c7d720 | 20 d7 c7 01 07 00 00 00


---------------  P R O C E S S  ---------------

Threads class SMR info:
_java_thread_list=0x000001eb9ec30a60, length=15, elements={
0x000001ebfac281d0, 0x000001eb9e049030, 0x000001eb9e04a300, 0x000001eb9e08c010,
0x000001eb9e08def0, 0x000001eb9e0907d0, 0x000001eb9e091840, 0x000001eb9e092be0,
0x000001eb9e0979e0, 0x000001eb9e09b0b0, 0x000001eb9e214d20, 0x000001eb9e38c670,
0x000001eb9e38cb50, 0x000001eb9e87b0c0, 0x000001eb9e9daba0
}

Java Threads: ( => current thread )
  0x000001ebfac281d0 JavaThread "main" [_thread_blocked, id=11108, stack(0x000000b081100000,0x000000b081200000)]
  0x000001eb9e049030 JavaThread "Reference Handler" daemon [_thread_blocked, id=7380, stack(0x000000b081800000,0x000000b081900000)]
  0x000001eb9e04a300 JavaThread "Finalizer" daemon [_thread_blocked, id=2200, stack(0x000000b081900000,0x000000b081a00000)]
  0x000001eb9e08c010 JavaThread "Signal Dispatcher" daemon [_thread_blocked, id=8660, stack(0x000000b081a00000,0x000000b081b00000)]
  0x000001eb9e08def0 JavaThread "Attach Listener" daemon [_thread_blocked, id=5448, stack(0x000000b081b00000,0x000000b081c00000)]
  0x000001eb9e0907d0 JavaThread "Service Thread" daemon [_thread_blocked, id=11268, stack(0x000000b081c00000,0x000000b081d00000)]
  0x000001eb9e091840 JavaThread "Monitor Deflation Thread" daemon [_thread_blocked, id=11272, stack(0x000000b081d00000,0x000000b081e00000)]
  0x000001eb9e092be0 JavaThread "C2 CompilerThread0" daemon [_thread_blocked, id=11276, stack(0x000000b081e00000,0x000000b081f00000)]
  0x000001eb9e0979e0 JavaThread "C1 CompilerThread0" daemon [_thread_blocked, id=11280, stack(0x000000b081f00000,0x000000b082000000)]
  0x000001eb9e09b0b0 JavaThread "Sweeper thread" daemon [_thread_blocked, id=11284, stack(0x000000b082000000,0x000000b082100000)]
  0x000001eb9e214d20 JavaThread "Common-Cleaner" daemon [_thread_blocked, id=11288, stack(0x000000b082100000,0x000000b082200000)]
  0x000001eb9e38c670 JavaThread "Monitor Ctrl-Break" daemon [_thread_in_native, id=11292, stack(0x000000b082200000,0x000000b082300000)]
  0x000001eb9e38cb50 JavaThread "Notification Thread" daemon [_thread_blocked, id=11296, stack(0x000000b082300000,0x000000b082400000)]
  0x000001eb9e87b0c0 JavaThread "C2 CompilerThread1" daemon [_thread_blocked, id=11304, stack(0x000000b082500000,0x000000b082600000)]
  0x000001eb9e9daba0 JavaThread "C2 CompilerThread2" daemon [_thread_blocked, id=11308, stack(0x000000b082600000,0x000000b082700000)]

Other Threads:
  0x000001eb99da98a0 VMThread "VM Thread" [stack: 0x000000b081700000,0x000000b081800000] [id=1892]
  0x000001eb9e38b390 WatcherThread [stack: 0x000000b082400000,0x000000b082500000] [id=11300]
  0x000001ebfac94a30 GCTaskThread "GC Thread#0" [stack: 0x000000b081200000,0x000000b081300000] [id=4308]
  0x000001eb9f1f8010 GCTaskThread "GC Thread#1" [stack: 0x000000b082700000,0x000000b082800000] [id=11312]
=>0x000001eb9ee60830 GCTaskThread "GC Thread#2" [stack: 0x000000b082800000,0x000000b082900000] [id=11316]
  0x000001eb9ef36580 GCTaskThread "GC Thread#3" [stack: 0x000000b082900000,0x000000b082a00000] [id=11320]
  0x000001eb9ef37600 GCTaskThread "GC Thread#4" [stack: 0x000000b082a00000,0x000000b082b00000] [id=11324]
  0x000001eb9ef37e40 GCTaskThread "GC Thread#5" [stack: 0x000000b082b00000,0x000000b082c00000] [id=11328]
  0x000001eb9ef37080 GCTaskThread "GC Thread#6" [stack: 0x000000b082c00000,0x000000b082d00000] [id=11332]
  0x000001eb9ef36b00 GCTaskThread "GC Thread#7" [stack: 0x000000b082d00000,0x000000b082e00000] [id=11336]
  0x000001eb9ef37340 GCTaskThread "GC Thread#8" [stack: 0x000000b082e00000,0x000000b082f00000] [id=11340]
  0x000001eb9ef378c0 GCTaskThread "GC Thread#9" [stack: 0x000000b082f00000,0x000000b083000000] [id=11344]
  0x000001ebfaca5760 ConcurrentGCThread "G1 Main Marker" [stack: 0x000000b081300000,0x000000b081400000] [id=7572]
  0x000001ebfaca6830 ConcurrentGCThread "G1 Conc#0" [stack: 0x000000b081400000,0x000000b081500000] [id=6044]
  0x000001eb9ef37b80 ConcurrentGCThread "G1 Conc#1" [stack: 0x000000b083000000,0x000000b083100000] [id=11352]
  0x000001eb9ef36dc0 ConcurrentGCThread "G1 Conc#2" [stack: 0x000000b083100000,0x000000b083200000] [id=11356]
  0x000001ebfaced610 ConcurrentGCThread "G1 Refine#0" [stack: 0x000000b081500000,0x000000b081600000] [id=3116]
  0x000001ebfacedf50 ConcurrentGCThread "G1 Service" [stack: 0x000000b081600000,0x000000b081700000] [id=5080]

Threads with active compile tasks:
C2 CompilerThread1     1686 2777   !   4       org.apache.maven.model.interpolation.StringVisitorModelInterpolator$1::interpolate (97 bytes)

VM state: at safepoint (normal execution)

VM Mutex/Monitor currently owned by a thread:  ([mutex/lock_event])
[0x000001ebfac23e20] Threads_lock - owner thread: 0x000001eb99da98a0
[0x000001ebfac23400] Heap_lock - owner thread: 0x000001ebfac281d0

Heap address: 0x0000000701200000, size: 4078 MB, Compressed Oops mode: Zero based, Oop shift amount: 3

CDS archive(s) not mapped
Compressed class space mapped at: 0x0000000800000000-0x0000000840000000, reserved size: 1073741824
Narrow klass base: 0x0000000800000000, Narrow klass shift: 0, Narrow klass range: 0x40000000

GC Precious Log:
 CPUs: 12 total, 12 available
 Memory: 16309M
 Large Page Support: Disabled
 NUMA Support: Disabled
 Compressed Oops: Enabled (Zero based)
 Heap Region Size: 2M
 Heap Min Capacity: 8M
 Heap Initial Capacity: 256M
 Heap Max Capacity: 4078M
 Pre-touch: Disabled
 Parallel Workers: 10
 Concurrent Workers: 3
 Concurrent Refinement Workers: 10
 Periodic GC: Disabled

Heap:
 garbage-first heap   total 34816K, used 23047K [0x0000000701200000, 0x0000000800000000)
  region size 2048K, 10 young (20480K), 2 survivors (4096K)
 Metaspace       used 24512K, committed 24768K, reserved 1114112K
  class space    used 2749K, committed 2880K, reserved 1048576K

Heap Regions: E=young(eden), S=young(survivor), O=old, HS=humongous(starts), HC=humongous(continues), CS=collection set, F=free, OA=open archive, CA=closed archive, TAMS=top-at-mark-start (previous, next)
|   0|0x0000000701200000, 0x0000000701400000, 0x0000000701400000|100%| O|  |TAMS 0x0000000701400000, 0x0000000701200000| Untracked 
|   1|0x0000000701400000, 0x000000070158b400, 0x0000000701600000| 77%| O|  |TAMS 0x000000070158b400, 0x0000000701400000| Complete 
|   2|0x0000000701600000, 0x00000007017823c0, 0x0000000701800000| 75%| O|  |TAMS 0x0000000701600000, 0x0000000701600000| Untracked 
|   3|0x0000000701800000, 0x0000000701800000, 0x0000000701a00000|  0%| F|  |TAMS 0x0000000701800000, 0x0000000701800000| Untracked 
|   4|0x0000000701a00000, 0x0000000701a00000, 0x0000000701c00000|  0%| F|  |TAMS 0x0000000701a00000, 0x0000000701a00000| Untracked 
|   5|0x0000000701c00000, 0x0000000701d7dc00, 0x0000000701e00000| 74%| S|  |TAMS 0x0000000701c00000, 0x0000000701c00000| Complete 
|   6|0x0000000701e00000, 0x0000000702000000, 0x0000000702000000|100%| S|  |TAMS 0x0000000701e00000, 0x0000000701e00000| Complete 
|   7|0x0000000702000000, 0x0000000702200000, 0x0000000702200000|100%| E|CS|TAMS 0x0000000702000000, 0x0000000702000000| Complete 
|   8|0x0000000702200000, 0x0000000702400000, 0x0000000702400000|100%| E|CS|TAMS 0x0000000702200000, 0x0000000702200000| Complete 
|   9|0x0000000702400000, 0x0000000702600000, 0x0000000702600000|100%| E|CS|TAMS 0x0000000702400000, 0x0000000702400000| Complete 
|  10|0x0000000702600000, 0x0000000702800000, 0x0000000702800000|100%| E|CS|TAMS 0x0000000702600000, 0x0000000702600000| Complete 
|  11|0x0000000702800000, 0x0000000702a00000, 0x0000000702a00000|100%| E|CS|TAMS 0x0000000702800000, 0x0000000702800000| Complete 
|  12|0x0000000702a00000, 0x0000000702c00000, 0x0000000702c00000|100%| E|CS|TAMS 0x0000000702a00000, 0x0000000702a00000| Complete 
|  13|0x0000000702c00000, 0x0000000702e00000, 0x0000000702e00000|100%| E|CS|TAMS 0x0000000702c00000, 0x0000000702c00000| Complete 
| 119|0x0000000710000000, 0x00000007100f68b0, 0x0000000710200000| 48%| E|CS|TAMS 0x0000000710000000, 0x0000000710000000| Complete 
| 120|0x0000000710200000, 0x0000000710400000, 0x0000000710400000|100%| E|CS|TAMS 0x0000000710200000, 0x0000000710200000| Complete 
| 127|0x0000000711000000, 0x0000000711200000, 0x0000000711200000|100%| E|CS|TAMS 0x0000000711000000, 0x0000000711000000| Complete 

Card table byte_map: [0x000001ebff150000,0x000001ebff950000] _byte_map_base: 0x000001ebfb947000

Marking Bits (Prev, Next): (CMBitMap*) 0x000001ebfac94fa0, (CMBitMap*) 0x000001ebfac94f60
 Prev Bits: [0x000001eb937c0000, 0x000001eb97778000)
 Next Bits: [0x000001eb8f800000, 0x000001eb937b8000)

Polling page: 0x000001ebfa3f0000

Metaspace:

Usage:
  Non-class:     21.25 MB used.
      Class:      2.69 MB used.
       Both:     23.94 MB used.

Virtual space:
  Non-class space:       64.00 MB reserved,      21.38 MB ( 33%) committed,  1 nodes.
      Class space:        1.00 GB reserved,       2.81 MB ( <1%) committed,  1 nodes.
             Both:        1.06 GB reserved,      24.19 MB (  2%) committed. 

Chunk freelists:
   Non-Class:  10.03 MB
       Class:  13.06 MB
        Both:  23.09 MB

MaxMetaspaceSize: unlimited
CompressedClassSpaceSize: 1.00 GB
Initial GC threshold: 21.00 MB
Current GC threshold: 35.12 MB
CDS: off
MetaspaceReclaimPolicy: balanced
 - commit_granule_bytes: 65536.
 - commit_granule_words: 8192.
 - virtual_space_node_default_size: 8388608.
 - enlarge_chunks_in_place: 1.
 - new_chunks_are_fully_committed: 0.
 - uncommit_free_chunks: 1.
 - use_allocation_guard: 0.
 - handle_deallocations: 1.


Internal statistics:

num_allocs_failed_limit: 3.
num_arena_births: 78.
num_arena_deaths: 0.
num_vsnodes_births: 2.
num_vsnodes_deaths: 0.
num_space_committed: 387.
num_space_uncommitted: 0.
num_chunks_returned_to_freelist: 3.
num_chunks_taken_from_freelist: 621.
num_chunk_merges: 3.
num_chunk_splits: 425.
num_chunks_enlarged: 338.
num_inconsistent_stats: 0.

CodeHeap 'non-profiled nmethods': size=120000Kb used=1319Kb max_used=1319Kb free=118680Kb
 bounds [0x000001eb87ad0000, 0x000001eb87d40000, 0x000001eb8f000000]
CodeHeap 'profiled nmethods': size=120000Kb used=5579Kb max_used=5579Kb free=114420Kb
 bounds [0x000001eb80000000, 0x000001eb80580000, 0x000001eb87530000]
CodeHeap 'non-nmethods': size=5760Kb used=1185Kb max_used=1230Kb free=4574Kb
 bounds [0x000001eb87530000, 0x000001eb877a0000, 0x000001eb87ad0000]
 total_blobs=3258 nmethods=2780 adapters=390
 compilation: enabled
              stopped_count=0, restarted_count=0
 full_count=0

Compilation events (20 events):
Event: 1.543 Thread 0x000001eb9e0979e0 nmethod 2772 0x000001eb8056f610 code [0x000001eb8056f800, 0x000001eb8056fd28]
Event: 1.543 Thread 0x000001eb9e0979e0 2771       3       org.codehaus.plexus.util.xml.Xpp3Dom::<init> (10 bytes)
Event: 1.543 Thread 0x000001eb9e0979e0 nmethod 2771 0x000001eb8056fe90 code [0x000001eb80570040, 0x000001eb805701a8]
Event: 1.543 Thread 0x000001eb9e0979e0 2773       1       org.apache.maven.model.Profile::getActivation (5 bytes)
Event: 1.543 Thread 0x000001eb9e0979e0 nmethod 2773 0x000001eb87c19490 code [0x000001eb87c19620, 0x000001eb87c196f8]
Event: 1.544 Thread 0x000001eb9e0979e0 2774       3       org.apache.maven.model.Plugin::getDependencies (23 bytes)
Event: 1.544 Thread 0x000001eb9e0979e0 nmethod 2774 0x000001eb80570290 code [0x000001eb80570460, 0x000001eb80570858]
Event: 1.544 Thread 0x000001eb9e0979e0 2775       1       org.apache.maven.model.Plugin::setDependencies (6 bytes)
Event: 1.544 Thread 0x000001eb9e0979e0 nmethod 2775 0x000001eb87c19790 code [0x000001eb87c19920, 0x000001eb87c19a38]
Event: 1.544 Thread 0x000001eb9e0979e0 2776       3       org.apache.maven.model.Plugin::getExecutions (23 bytes)
Event: 1.544 Thread 0x000001eb9e87b0c0 2777   !   4       org.apache.maven.model.interpolation.StringVisitorModelInterpolator$1::interpolate (97 bytes)
Event: 1.544 Thread 0x000001eb9e0979e0 nmethod 2776 0x000001eb80570990 code [0x000001eb80570b60, 0x000001eb80570f58]
Event: 1.544 Thread 0x000001eb9e0979e0 2778       3       org.codehaus.plexus.interpolation.reflection.ReflectionValueExtractor$Tokenizer::getPosition (23 bytes)
Event: 1.544 Thread 0x000001eb9e0979e0 nmethod 2778 0x000001eb80571090 code [0x000001eb80571240, 0x000001eb805714d8]
Event: 1.544 Thread 0x000001eb9e0979e0 2779   !   3       org.codehaus.plexus.interpolation.reflection.ClassMap::findMethod (107 bytes)
Event: 1.545 Thread 0x000001eb9e0979e0 nmethod 2779 0x000001eb80571610 code [0x000001eb80571820, 0x000001eb80571f98]
Event: 1.545 Thread 0x000001eb9e9daba0 2781       4       java.util.ArrayList::iterator (9 bytes)
Event: 1.545 Thread 0x000001eb9e0979e0 2780       3       org.codehaus.plexus.interpolation.reflection.ClassMap::makeMethodKey (75 bytes)
Event: 1.545 Thread 0x000001eb9e0979e0 nmethod 2780 0x000001eb80572210 code [0x000001eb80572460, 0x000001eb80572c58]
Event: 1.545 Thread 0x000001eb9e9daba0 nmethod 2781 0x000001eb87c19a90 code [0x000001eb87c19c20, 0x000001eb87c19d18]

GC Heap History (7 events):
Event: 0.637 GC heap before
{Heap before GC invocations=0 (full 0):
 garbage-first heap   total 262144K, used 22528K [0x0000000701200000, 0x0000000800000000)
  region size 2048K, 11 young (22528K), 0 survivors (0K)
 Metaspace       used 14550K, committed 14784K, reserved 1114112K
  class space    used 1497K, committed 1600K, reserved 1048576K
}
Event: 0.641 GC heap after
{Heap after GC invocations=1 (full 0):
 garbage-first heap   total 262144K, used 3901K [0x0000000701200000, 0x0000000800000000)
  region size 2048K, 2 young (4096K), 2 survivors (4096K)
 Metaspace       used 14550K, committed 14784K, reserved 1114112K
  class space    used 1497K, committed 1600K, reserved 1048576K
}
Event: 0.985 GC heap before
{Heap before GC invocations=1 (full 0):
 garbage-first heap   total 262144K, used 34621K [0x0000000701200000, 0x0000000800000000)
  region size 2048K, 18 young (36864K), 2 survivors (4096K)
 Metaspace       used 18978K, committed 19136K, reserved 1114112K
  class space    used 2074K, committed 2176K, reserved 1048576K
}
Event: 0.988 GC heap after
{Heap after GC invocations=2 (full 0):
 garbage-first heap   total 262144K, used 5668K [0x0000000701200000, 0x0000000800000000)
  region size 2048K, 1 young (2048K), 1 survivors (2048K)
 Metaspace       used 18978K, committed 19136K, reserved 1114112K
  class space    used 2074K, committed 2176K, reserved 1048576K
}
Event: 1.209 GC heap before
{Heap before GC invocations=2 (full 0):
 garbage-first heap   total 262144K, used 17956K [0x0000000701200000, 0x0000000800000000)
  region size 2048K, 8 young (16384K), 1 survivors (2048K)
 Metaspace       used 21365K, committed 21504K, reserved 1114112K
  class space    used 2417K, committed 2496K, reserved 1048576K
}
Event: 1.211 GC heap after
{Heap after GC invocations=3 (full 0):
 garbage-first heap   total 262144K, used 6663K [0x0000000701200000, 0x0000000800000000)
  region size 2048K, 2 young (4096K), 2 survivors (4096K)
 Metaspace       used 21365K, committed 21504K, reserved 1114112K
  class space    used 2417K, committed 2496K, reserved 1048576K
}
Event: 1.558 GC heap before
{Heap before GC invocations=4 (full 0):
 garbage-first heap   total 34816K, used 23047K [0x0000000701200000, 0x0000000800000000)
  region size 2048K, 10 young (20480K), 2 survivors (4096K)
 Metaspace       used 24512K, committed 24768K, reserved 1114112K
  class space    used 2749K, committed 2880K, reserved 1048576K
}

Dll operation events (4 events):
Event: 0.035 Loaded shared library C:\Users\0.0\.jdks\jbrsdk-17.0.9\bin\java.dll
Event: 0.054 Loaded shared library C:\Users\0.0\.jdks\jbrsdk-17.0.9\bin\jsvml.dll
Event: 0.123 Loaded shared library C:\Users\0.0\.jdks\jbrsdk-17.0.9\bin\zip.dll
Event: 0.349 Loaded shared library C:\Users\0.0\.jdks\jbrsdk-17.0.9\bin\verify.dll

Deoptimization events (20 events):
Event: 1.490 Thread 0x000001eb9e08def0 DEOPT PACKING pc=0x000001eb87b5b480 sp=0x000000b081bfd960
Event: 1.490 Thread 0x000001eb9e08def0 DEOPT UNPACKING pc=0x000001eb875869a3 sp=0x000000b081bfd908 mode 2
Event: 1.495 Thread 0x000001eb9e08def0 DEOPT PACKING pc=0x000001eb804e6bfd sp=0x000000b081bfd420
Event: 1.495 Thread 0x000001eb9e08def0 DEOPT UNPACKING pc=0x000001eb87587143 sp=0x000000b081bfc930 mode 0
Event: 1.504 Thread 0x000001eb9e08def0 Uncommon trap: trap_request=0xffffffbe fr.pc=0x000001eb87bedf5c relative=0x0000000000001e7c
Event: 1.504 Thread 0x000001eb9e08def0 Uncommon trap: reason=profile_predicate action=maybe_recompile pc=0x000001eb87bedf5c method=java.util.TimSort.binarySort([Ljava/lang/Object;IIILjava/util/Comparator;)V @ 34 c2
Event: 1.504 Thread 0x000001eb9e08def0 DEOPT PACKING pc=0x000001eb87bedf5c sp=0x000000b081bfed00
Event: 1.504 Thread 0x000001eb9e08def0 DEOPT UNPACKING pc=0x000001eb875869a3 sp=0x000000b081bfece0 mode 2
Event: 1.506 Thread 0x000001eb9e08def0 Uncommon trap: trap_request=0xffffffbe fr.pc=0x000001eb87bedf5c relative=0x0000000000001e7c
Event: 1.506 Thread 0x000001eb9e08def0 Uncommon trap: reason=profile_predicate action=maybe_recompile pc=0x000001eb87bedf5c method=java.util.TimSort.binarySort([Ljava/lang/Object;IIILjava/util/Comparator;)V @ 34 c2
Event: 1.506 Thread 0x000001eb9e08def0 DEOPT PACKING pc=0x000001eb87bedf5c sp=0x000000b081bfed00
Event: 1.506 Thread 0x000001eb9e08def0 DEOPT UNPACKING pc=0x000001eb875869a3 sp=0x000000b081bfece0 mode 2
Event: 1.506 Thread 0x000001eb9e08def0 Uncommon trap: trap_request=0xffffffbe fr.pc=0x000001eb87bedf5c relative=0x0000000000001e7c
Event: 1.506 Thread 0x000001eb9e08def0 Uncommon trap: reason=profile_predicate action=maybe_recompile pc=0x000001eb87bedf5c method=java.util.TimSort.binarySort([Ljava/lang/Object;IIILjava/util/Comparator;)V @ 34 c2
Event: 1.506 Thread 0x000001eb9e08def0 DEOPT PACKING pc=0x000001eb87bedf5c sp=0x000000b081bfed00
Event: 1.506 Thread 0x000001eb9e08def0 DEOPT UNPACKING pc=0x000001eb875869a3 sp=0x000000b081bfece0 mode 2
Event: 1.557 Thread 0x000001ebfac281d0 Uncommon trap: trap_request=0xffffff45 fr.pc=0x000001eb87b4d008 relative=0x0000000000000888
Event: 1.557 Thread 0x000001ebfac281d0 Uncommon trap: reason=unstable_if action=reinterpret pc=0x000001eb87b4d008 method=org.codehaus.plexus.util.xml.pull.MXParser.nextImpl()I @ 880 c2
Event: 1.557 Thread 0x000001ebfac281d0 DEOPT PACKING pc=0x000001eb87b4d008 sp=0x000000b0811fd440
Event: 1.557 Thread 0x000001ebfac281d0 DEOPT UNPACKING pc=0x000001eb875869a3 sp=0x000000b0811fd3c8 mode 2

Classes unloaded (0 events):
No events

Classes redefined (0 events):
No events

Internal exceptions (20 events):
Event: 0.359 Thread 0x000001ebfac281d0 Exception <a 'java/lang/NoSuchMethodError'{0x0000000710a8cd30}: 'void java.lang.invoke.DirectMethodHandle$Holder.invokeStatic(java.lang.Object, java.lang.Object, java.lang.Object)'> (0x0000000710a8cd30) 
thrown [s\src\hotspot\share\interpreter\linkResolver.cpp, line 771]
Event: 0.365 Thread 0x000001ebfac281d0 Exception <a 'java/lang/NoSuchMethodError'{0x0000000710ae9b98}: 'int java.lang.invoke.DirectMethodHandle$Holder.invokeStatic(java.lang.Object, java.lang.Object, int)'> (0x0000000710ae9b98) 
thrown [s\src\hotspot\share\interpreter\linkResolver.cpp, line 771]
Event: 0.405 Thread 0x000001ebfac281d0 Exception <a 'java/lang/NoSuchMethodError'{0x00000007108673d8}: 'java.lang.Object java.lang.invoke.DirectMethodHandle$Holder.invokeSpecialIFC(java.lang.Object, java.lang.Object, java.lang.Object, java.lang.Object)'> (0x00000007108673d8) 
thrown [s\src\hotspot\share\interpreter\linkResolver.cpp, line 771]
Event: 0.521 Thread 0x000001ebfac281d0 Exception <a 'java/lang/NoSuchMethodError'{0x000000071025aa30}: 'void java.lang.invoke.DirectMethodHandle$Holder.invokeSpecial(java.lang.Object, java.lang.Object, java.lang.Object)'> (0x000000071025aa30) 
thrown [s\src\hotspot\share\interpreter\linkResolver.cpp, line 771]
Event: 0.543 Thread 0x000001ebfac281d0 Exception <a 'java/lang/NoSuchMethodError'{0x00000007103c44f0}: 'java.lang.Object java.lang.invoke.DirectMethodHandle$Holder.invokeInterface(java.lang.Object, java.lang.Object)'> (0x00000007103c44f0) 
thrown [s\src\hotspot\share\interpreter\linkResolver.cpp, line 771]
Event: 0.554 Thread 0x000001ebfac281d0 Exception <a 'java/lang/NoSuchMethodError'{0x0000000710073858}: 'java.lang.Object java.lang.invoke.Invokers$Holder.invokeExact_MT(java.lang.Object, java.lang.Object, java.lang.Object, java.lang.Object, java.lang.Object, java.lang.Object)'> (0x0000000710073858) 
thrown [s\src\hotspot\share\interpreter\linkResolver.cpp, line 771]
Event: 0.555 Thread 0x000001ebfac281d0 Exception <a 'java/lang/NoSuchMethodError'{0x0000000710085098}: 'int java.lang.invoke.DirectMethodHandle$Holder.invokeSpecialIFC(java.lang.Object, java.lang.Object, java.lang.Object, java.lang.Object, java.lang.Object)'> (0x0000000710085098) 
thrown [s\src\hotspot\share\interpreter\linkResolver.cpp, line 771]
Event: 0.585 Thread 0x000001ebfac281d0 Exception <a 'java/lang/NoSuchMethodError'{0x000000070fe3fb00}: 'java.lang.Object java.lang.invoke.DirectMethodHandle$Holder.newInvokeSpecial(java.lang.Object, java.lang.Object, java.lang.Object, java.lang.Object, java.lang.Object)'> (0x000000070fe3fb00) 
thrown [s\src\hotspot\share\interpreter\linkResolver.cpp, line 771]
Event: 0.603 Thread 0x000001ebfac281d0 Exception <a 'java/lang/NoSuchMethodError'{0x000000070ff4a930}: 'int java.lang.invoke.DirectMethodHandle$Holder.invokeStaticInit(java.lang.Object, java.lang.Object)'> (0x000000070ff4a930) 
thrown [s\src\hotspot\share\interpreter\linkResolver.cpp, line 771]
Event: 0.607 Thread 0x000001ebfac281d0 Exception <a 'java/lang/NoClassDefFoundError'{0x000000070ff85928}: javax/enterprise/inject/Typed> (0x000000070ff85928) 
thrown [s\src\hotspot\share\classfile\systemDictionary.cpp, line 245]
Event: 1.041 Thread 0x000001ebfac281d0 Exception <a 'java/lang/NoSuchMethodError'{0x0000000710c1df70}: 'void java.lang.invoke.DirectMethodHandle$Holder.invokeStaticInit(java.lang.Object, java.lang.Object, java.lang.Object)'> (0x0000000710c1df70) 
thrown [s\src\hotspot\share\interpreter\linkResolver.cpp, line 771]
Event: 1.044 Thread 0x000001ebfac281d0 Exception <a 'java/lang/ExceptionInInitializerError'{0x0000000710c50900}> (0x0000000710c50900) 
thrown [s\src\hotspot\share\oops\instanceKlass.cpp, line 1233]
Event: 1.072 Thread 0x000001ebfac281d0 Implicit null exception at 0x000001eb87b6d6af to 0x000001eb87b6d810
Event: 1.074 Thread 0x000001ebfac281d0 Exception <a 'java/lang/NoSuchMethodError'{0x0000000710d68ed0}: 'java.lang.Object java.lang.invoke.Invokers$Holder.invokeExact_MT(java.lang.Object, int, java.lang.Object)'> (0x0000000710d68ed0) 
thrown [s\src\hotspot\share\interpreter\linkResolver.cpp, line 771]
Event: 1.083 Thread 0x000001ebfac281d0 Exception <a 'java/lang/NoSuchMethodError'{0x0000000710df5fc8}: 'int java.lang.invoke.DirectMethodHandle$Holder.invokeSpecial(java.lang.Object, java.lang.Object, java.lang.Object, java.lang.Object)'> (0x0000000710df5fc8) 
thrown [s\src\hotspot\share\interpreter\linkResolver.cpp, line 771]
Event: 1.215 Thread 0x000001ebfac281d0 Exception <a 'java/lang/NoClassDefFoundError'{0x000000071103f7b8}: com/google/inject/servlet/ServletModuleTargetVisitor> (0x000000071103f7b8) 
thrown [s\src\hotspot\share\classfile\systemDictionary.cpp, line 245]
Event: 1.247 Thread 0x000001ebfac281d0 Exception <a 'java/lang/NoSuchMethodError'{0x0000000702db81f8}: 'void java.lang.invoke.DirectMethodHandle$Holder.invokeVirtual(java.lang.Object, java.lang.Object)'> (0x0000000702db81f8) 
thrown [s\src\hotspot\share\interpreter\linkResolver.cpp, line 771]
Event: 1.262 Thread 0x000001ebfac281d0 Exception <a 'java/lang/NoSuchMethodError'{0x0000000702a40cb8}: 'java.lang.Object java.lang.invoke.DirectMethodHandle$Holder.invokeStaticInit(java.lang.Object, int, int, int, int)'> (0x0000000702a40cb8) 
thrown [s\src\hotspot\share\interpreter\linkResolver.cpp, line 771]
Event: 1.342 Thread 0x000001ebfac281d0 Implicit null exception at 0x000001eb87b113f2 to 0x000001eb87b119cc
Event: 1.342 Thread 0x000001ebfac281d0 Implicit null exception at 0x000001eb87b0f8f2 to 0x000001eb87b0fee0

VM Operations (20 events):
Event: 1.201 Executing VM operation: ICBufferFull done
Event: 1.209 Executing VM operation: CollectForMetadataAllocation
Event: 1.211 Executing VM operation: CollectForMetadataAllocation done
Event: 1.214 Executing VM operation: G1PauseRemark
Event: 1.215 Executing VM operation: G1PauseRemark done
Event: 1.216 Executing VM operation: G1PauseCleanup
Event: 1.216 Executing VM operation: G1PauseCleanup done
Event: 1.253 Executing VM operation: HandshakeAllThreads
Event: 1.253 Executing VM operation: HandshakeAllThreads done
Event: 1.269 Executing VM operation: HandshakeAllThreads
Event: 1.269 Executing VM operation: HandshakeAllThreads done
Event: 1.320 Executing VM operation: HandshakeAllThreads
Event: 1.320 Executing VM operation: HandshakeAllThreads done
Event: 1.321 Executing VM operation: HandshakeAllThreads
Event: 1.321 Executing VM operation: HandshakeAllThreads done
Event: 1.354 Executing VM operation: HandshakeAllThreads
Event: 1.354 Executing VM operation: HandshakeAllThreads done
Event: 1.354 Executing VM operation: HandshakeAllThreads
Event: 1.354 Executing VM operation: HandshakeAllThreads done
Event: 1.558 Executing VM operation: G1CollectForAllocation

Events (20 events):
Event: 1.498 loading class java/time/zone/ZoneOffsetTransition
Event: 1.498 loading class java/time/zone/ZoneOffsetTransition done
Event: 1.499 loading class java/time/LocalDate
Event: 1.499 loading class java/time/chrono/ChronoLocalDate
Event: 1.499 loading class java/time/chrono/ChronoLocalDate done
Event: 1.499 loading class java/time/LocalDate done
Event: 1.499 loading class java/time/temporal/ChronoField
Event: 1.500 loading class java/time/temporal/TemporalField
Event: 1.500 loading class java/time/temporal/TemporalField done
Event: 1.500 loading class java/time/temporal/ChronoField done
Event: 1.500 loading class java/time/temporal/ValueRange
Event: 1.500 loading class java/time/temporal/ValueRange done
Event: 1.500 loading class java/time/LocalTime
Event: 1.500 loading class java/time/LocalTime done
Event: 1.501 loading class sun/util/cldr/CLDRBaseLocaleDataMetaInfo$TZCanonicalIDMapHolder
Event: 1.501 loading class sun/util/cldr/CLDRBaseLocaleDataMetaInfo$TZCanonicalIDMapHolder done
Event: 1.502 loading class sun/util/resources/TimeZoneNames
Event: 1.503 loading class sun/util/resources/TimeZoneNames done
Event: 1.503 loading class sun/util/resources/TimeZoneNames_en
Event: 1.503 loading class sun/util/resources/TimeZoneNames_en done


Dynamic libraries:
0x00007ff7514c0000 - 0x00007ff7514ca000 	C:\Users\0.0\.jdks\jbrsdk-17.0.9\bin\java.exe
0x00007ff84e590000 - 0x00007ff84e788000 	C:\Windows\SYSTEM32\ntdll.dll
0x00007ff84c720000 - 0x00007ff84c7dd000 	C:\Windows\System32\KERNEL32.DLL
0x00007ff84be90000 - 0x00007ff84c186000 	C:\Windows\System32\KERNELBASE.dll
0x00007ff84c240000 - 0x00007ff84c340000 	C:\Windows\System32\ucrtbase.dll
0x00007ff82afc0000 - 0x00007ff82afd7000 	C:\Users\0.0\.jdks\jbrsdk-17.0.9\bin\jli.dll
0x00007ff82ccd0000 - 0x00007ff82cceb000 	C:\Users\0.0\.jdks\jbrsdk-17.0.9\bin\VCRUNTIME140.dll
0x00007ff84d350000 - 0x00007ff84d4ee000 	C:\Windows\System32\USER32.dll
0x00007ff84bc70000 - 0x00007ff84bc92000 	C:\Windows\System32\win32u.dll
0x00007ff83b4c0000 - 0x00007ff83b75a000 	C:\Windows\WinSxS\amd64_microsoft.windows.common-controls_6595b64144ccf1df_6.0.19041.3636_none_60b6a03d71f818d5\COMCTL32.dll
0x00007ff84e520000 - 0x00007ff84e54c000 	C:\Windows\System32\GDI32.dll
0x00007ff84db80000 - 0x00007ff84dc1e000 	C:\Windows\System32\msvcrt.dll
0x00007ff84c4d0000 - 0x00007ff84c5ea000 	C:\Windows\System32\gdi32full.dll
0x00007ff84bd10000 - 0x00007ff84bdad000 	C:\Windows\System32\msvcp_win.dll
0x00007ff84c840000 - 0x00007ff84c870000 	C:\Windows\System32\IMM32.DLL
0x00007ff839570000 - 0x00007ff83957c000 	C:\Users\0.0\.jdks\jbrsdk-17.0.9\bin\vcruntime140_1.dll
0x00007ff81bce0000 - 0x00007ff81bd6d000 	C:\Users\0.0\.jdks\jbrsdk-17.0.9\bin\msvcp140.dll
0x00007fffe9810000 - 0x00007fffea493000 	C:\Users\0.0\.jdks\jbrsdk-17.0.9\bin\server\jvm.dll
0x00007ff84cbb0000 - 0x00007ff84cc5f000 	C:\Windows\System32\ADVAPI32.dll
0x00007ff84da80000 - 0x00007ff84db1c000 	C:\Windows\System32\sechost.dll
0x00007ff84cc60000 - 0x00007ff84cd86000 	C:\Windows\System32\RPCRT4.dll
0x00007ff847b40000 - 0x00007ff847b49000 	C:\Windows\SYSTEM32\WSOCK32.dll
0x00007ff837d20000 - 0x00007ff837d47000 	C:\Windows\SYSTEM32\WINMM.dll
0x00007ff84b1d0000 - 0x00007ff84b21b000 	C:\Windows\SYSTEM32\POWRPROF.dll
0x00007ff84da10000 - 0x00007ff84da7b000 	C:\Windows\System32\WS2_32.dll
0x00007ff843eb0000 - 0x00007ff843eba000 	C:\Windows\SYSTEM32\VERSION.dll
0x00007ff84b090000 - 0x00007ff84b0a2000 	C:\Windows\SYSTEM32\UMPDC.dll
0x00007ff849b50000 - 0x00007ff849b62000 	C:\Windows\SYSTEM32\kernel.appcore.dll
0x00007ff82ccc0000 - 0x00007ff82ccca000 	C:\Users\0.0\.jdks\jbrsdk-17.0.9\bin\jimage.dll
0x00007ff836600000 - 0x00007ff8367e4000 	C:\Windows\SYSTEM32\DBGHELP.DLL
0x00007ff82b090000 - 0x00007ff82b0c4000 	C:\Windows\SYSTEM32\dbgcore.DLL
0x00007ff84be00000 - 0x00007ff84be82000 	C:\Windows\System32\bcryptPrimitives.dll
0x00007ff81a130000 - 0x00007ff81a13e000 	C:\Users\0.0\.jdks\jbrsdk-17.0.9\bin\instrument.dll
0x00007ff82af90000 - 0x00007ff82afb5000 	C:\Users\0.0\.jdks\jbrsdk-17.0.9\bin\java.dll
0x00007ff829e60000 - 0x00007ff829e78000 	C:\Users\0.0\.jdks\jbrsdk-17.0.9\bin\zip.dll
0x00007ff807ba0000 - 0x00007ff807c77000 	C:\Users\0.0\.jdks\jbrsdk-17.0.9\bin\jsvml.dll
0x00007ff84ddd0000 - 0x00007ff84e515000 	C:\Windows\System32\SHELL32.dll
0x00007ff849d50000 - 0x00007ff84a4eb000 	C:\Windows\SYSTEM32\windows.storage.dll
0x00007ff84d4f0000 - 0x00007ff84d844000 	C:\Windows\System32\combase.dll
0x00007ff84b6b0000 - 0x00007ff84b6dd000 	C:\Windows\SYSTEM32\Wldp.dll
0x00007ff84ca80000 - 0x00007ff84cb2d000 	C:\Windows\System32\SHCORE.dll
0x00007ff84d850000 - 0x00007ff84d8a5000 	C:\Windows\System32\shlwapi.dll
0x00007ff84bba0000 - 0x00007ff84bbc5000 	C:\Windows\SYSTEM32\profapi.dll
0x00007ff827a50000 - 0x00007ff827a69000 	C:\Users\0.0\.jdks\jbrsdk-17.0.9\bin\net.dll
0x00007ff8450c0000 - 0x00007ff8451ca000 	C:\Windows\SYSTEM32\WINHTTP.dll
0x00007ff84b410000 - 0x00007ff84b47a000 	C:\Windows\system32\mswsock.dll
0x00007ff8216e0000 - 0x00007ff8216f6000 	C:\Users\0.0\.jdks\jbrsdk-17.0.9\bin\nio.dll
0x00007ff81a110000 - 0x00007ff81a12a000 	C:\Program Files\JetBrains\IntelliJ IDEA Community Edition 2023.3\bin\breakgen64.dll
0x0000000069ac0000 - 0x0000000069ae4000 	C:\Users\0.0\AppData\Local\Temp\jansi-2.4.0-cd2ecbd624e7fbdc-jansi.dll
0x00007ff846200000 - 0x00007ff846210000 	C:\Users\0.0\.jdks\jbrsdk-17.0.9\bin\verify.dll

dbghelp: loaded successfully - version: 4.0.5 - missing functions: none
symbol engine: initialized successfully - sym options: 0x614 - pdb path: .;C:\Users\0.0\.jdks\jbrsdk-17.0.9\bin;C:\Windows\SYSTEM32;C:\Windows\WinSxS\amd64_microsoft.windows.common-controls_6595b64144ccf1df_6.0.19041.3636_none_60b6a03d71f818d5;C:\Users\0.0\.jdks\jbrsdk-17.0.9\bin\server;C:\Program Files\JetBrains\IntelliJ IDEA Community Edition 2023.3\bin;C:\Users\0.0\AppData\Local\Temp

VM Arguments:
jvm_args: -Dmaven.multiModuleProjectDirectory=D:\PROYECTOS\SPRING+ANGULAR+ADRES+GUZMAN\PRACTICA_CRUD\Crud_1_eps_60_springboot -Djansi.passthrough=true -Dmaven.home=C:\Users\0.0\.m2\wrapper\dists\apache-maven-3.9.5-bin\2adeog8mj13csp1uusqnc1f2mo\apache-maven-3.9.5 -Dclassworlds.conf=C:\Users\0.0\.m2\wrapper\dists\apache-maven-3.9.5-bin\2adeog8mj13csp1uusqnc1f2mo\apache-maven-3.9.5\bin\m2.conf -Dmaven.ext.class.path=C:\Program Files\JetBrains\IntelliJ IDEA Community Edition 2023.3\plugins\maven\lib\maven-event-listener.jar -javaagent:C:\Program Files\JetBrains\IntelliJ IDEA Community Edition 2023.3\lib\idea_rt.jar=49958:C:\Program Files\JetBrains\IntelliJ IDEA Community Edition 2023.3\bin -Dfile.encoding=UTF-8 
java_command: org.codehaus.classworlds.Launcher -Didea.version=2023.3 org.springframework.boot:spring-boot-maven-plugin:3.2.0:run
java_class_path (initial): C:\Users\0.0\.m2\wrapper\dists\apache-maven-3.9.5-bin\2adeog8mj13csp1uusqnc1f2mo\apache-maven-3.9.5\boot\plexus-classworlds-2.7.0.jar;C:\Users\0.0\.m2\wrapper\dists\apache-maven-3.9.5-bin\2adeog8mj13csp1uusqnc1f2mo\apache-maven-3.9.5\boot\plexus-classworlds.license
Launcher Type: SUN_STANDARD

[Global flags]
     intx CICompilerCount                          = 4                                         {product} {ergonomic}
     uint ConcGCThreads                            = 3                                         {product} {ergonomic}
     uint G1ConcRefinementThreads                  = 10                                        {product} {ergonomic}
   size_t G1HeapRegionSize                         = 2097152                                   {product} {ergonomic}
    uintx GCDrainStackTargetSize                   = 64                                        {product} {ergonomic}
   size_t InitialHeapSize                          = 268435456                                 {product} {ergonomic}
   size_t MarkStackSize                            = 4194304                                   {product} {ergonomic}
   size_t MaxHeapSize                              = 4276092928                                {product} {ergonomic}
   size_t MaxNewSize                               = 2564816896                                {product} {ergonomic}
   size_t MinHeapDeltaBytes                        = 2097152                                   {product} {ergonomic}
   size_t MinHeapSize                              = 8388608                                   {product} {ergonomic}
    uintx NonNMethodCodeHeapSize                   = 5839372                                {pd product} {ergonomic}
    uintx NonProfiledCodeHeapSize                  = 122909434                              {pd product} {ergonomic}
    uintx ProfiledCodeHeapSize                     = 122909434                              {pd product} {ergonomic}
    uintx ReservedCodeCacheSize                    = 251658240                              {pd product} {ergonomic}
     bool SegmentedCodeCache                       = true                                      {product} {ergonomic}
   size_t SoftMaxHeapSize                          = 4276092928                             {manageable} {ergonomic}
     bool UseCompressedClassPointers               = true                           {product lp64_product} {ergonomic}
     bool UseCompressedOops                        = true                           {product lp64_product} {ergonomic}
     bool UseG1GC                                  = true                                      {product} {ergonomic}
     bool UseLargePagesIndividualAllocation        = false                                  {pd product} {ergonomic}

Logging:
Log output configuration:
 #0: stdout all=warning uptime,level,tags
 #1: stderr all=off uptime,level,tags

Environment Variables:
PATH=C:\Windows\system32;C:\Windows;C:\Windows\System32\Wbem;C:\Windows\System32\WindowsPowerShell\v1.0\;C:\Windows\System32\OpenSSH\;C:\Program Files (x86)\NVIDIA Corporation\PhysX\Common;C:\Program Files\NVIDIA Corporation\NVIDIA NvDLISR;C:\Program Files (x86)\nodejs\;C:\Program Files\Git\cmd;C:\Users\0.0\AppData\Local\Microsoft\WindowsApps;C:\Users\0.0\AppData\Local\Programs\Microsoft VS Code\bin;C:\Users\0.0\AppData\Local\GitHubDesktop\bin;C:\Users\0.0\AppData\Roaming\npm
USERNAME=0.0
OS=Windows_NT
PROCESSOR_IDENTIFIER=AMD64 Family 23 Model 113 Stepping 0, AuthenticAMD
TMP=C:\Users\0.0\AppData\Local\Temp
TEMP=C:\Users\0.0\AppData\Local\Temp



Periodic native trim disabled

JNI global refs:
JNI global refs: 15, weak refs: 0

JNI global refs memory usage: 843, weak refs: 841

OOME stack traces (most recent first):
Classloader memory used:
Loader bootstrap                                                                       : 1643K
Loader org.codehaus.plexus.classworlds.realm.ClassRealm                                : 1395K
Loader jdk.internal.loader.ClassLoaders$AppClassLoader                                 : 14937B
Loader org.eclipse.sisu.space.CloningClassSpace$CloningClassLoader                     : 4598B
Loader jdk.internal.reflect.DelegatingClassLoader                                      : 3482B
Loader jdk.internal.loader.ClassLoaders$PlatformClassLoader                            : 2651B


---------------  S Y S T E M  ---------------

OS:
 Windows 10 , 64 bit Build 19041 (10.0.19041.3636)
OS uptime: 0 days 0:14 hours

CPU: total 12 (initial active 12) (12 cores per cpu, 2 threads per core) family 23 model 113 stepping 0 microcode 0x0, cx8, cmov, fxsr, ht, mmx, 3dnowpref, sse, sse2, sse3, ssse3, sse4a, sse4.1, sse4.2, popcnt, lzcnt, tsc, tscinvbit, avx, avx2, aes, clmul, bmi1, bmi2, adx, sha, fma, vzeroupper, clflush, clflushopt
Processor Information for all 12 processors :
  Max Mhz: 3700, Current Mhz: 3700, Mhz Limit: 3700

Memory: 4k page, system-wide physical 16309M (10184M free)
TotalPageFile size 19253M (AvailPageFile size 10735M)
current process WorkingSet (physical memory assigned to process): 136M, peak: 136M
current process commit charge ("private bytes"): 180M, peak: 389M

vm_info: OpenJDK 64-Bit Server VM (17.0.9+7-b1087.7) for windows-amd64 JRE (17.0.9+7-b1087.7), built on 2023-11-17 by "builduser" with MS VC++ 16.10 / 16.11 (VS2019)

END.
